<?xml version="1.0" encoding="UTF-8"?>
<testng-results skipped="0" failed="0" total="1" passed="1">
  <reporter-output>
  </reporter-output>
  <suite name="GoogleTest.GoogleBasicElementTest" duration-ms="10519" started-at="2014-11-13T14:47:01Z" finished-at="2014-11-13T14:47:11Z">
    <groups>
    </groups>
    <test name="Command line test" duration-ms="10519" started-at="2014-11-13T14:47:01Z" finished-at="2014-11-13T14:47:11Z">
      <class name="GoogleTest.GoogleBasicElementTest">
        <test-method status="PASS" signature="setUp()" name="setUp" is-config="true" duration-ms="2594" started-at="2014-11-13T14:47:01Z" finished-at="2014-11-13T14:47:03Z">
        </test-method>
        <test-method status="PASS" signature="gmailElementSearch()" name="gmailElementSearch" duration-ms="6510" started-at="2014-11-13T14:47:03Z" finished-at="2014-11-13T14:47:10Z">
        </test-method>
        <test-method status="PASS" signature="tearDown()" name="tearDown" is-config="true" duration-ms="1406" started-at="2014-11-13T14:47:10Z" finished-at="2014-11-13T14:47:11Z">
        </test-method>
      </class>
    </test>
  </suite>
</testng-results>
