<?xml version="1.0" encoding="UTF-8"?>
<testng-results skipped="1" failed="0" total="1" passed="0">
  <reporter-output>
  </reporter-output>
  <suite name="Suite1" duration-ms="210" started-at="2014-11-11T04:55:48Z" finished-at="2014-11-11T04:55:49Z">
    <groups>
    </groups>
    <test name="Regression1" duration-ms="210" started-at="2014-11-11T04:55:48Z" finished-at="2014-11-11T04:55:49Z">
      <class name="GoogleTest.GoogleBasicElementTest">
        <test-method status="FAIL" signature="setUp()[pri:0, instance:GoogleTest.GoogleBasicElementTest@6ad5c04e]" name="setUp" is-config="true" duration-ms="0" started-at="2014-11-11T10:25:48Z" finished-at="2014-11-11T10:25:48Z">
          <exception class="java.lang.IllegalStateException">
            <message>
              <![CDATA[The driver executable does not exist: C:\src\main\resources\chromedriver.exe]]>
            </message>
            <full-stacktrace>
              <![CDATA[java.lang.IllegalStateException: The driver executable does not exist: C:\src\main\resources\chromedriver.exe
	at com.google.common.base.Preconditions.checkState(Preconditions.java:197)
	at org.openqa.selenium.remote.service.DriverService.checkExecutable(DriverService.java:117)
	at org.openqa.selenium.remote.service.DriverService.findExecutable(DriverService.java:112)
	at org.openqa.selenium.chrome.ChromeDriverService.createDefaultService(ChromeDriverService.java:89)
	at org.openqa.selenium.chrome.ChromeDriver.<init>(ChromeDriver.java:117)
	at DriverSetup.DriverCall.createNewDriver(DriverCall.java:45)
	at DriverSetup.DriverHandler.initiateDriver(DriverHandler.java:19)
	at GoogleTest.GoogleBasicElementTest.setUp(GoogleBasicElementTest.java:14)
	at sun.reflect.NativeMethodAccessorImpl.invoke0(Native Method)
	at sun.reflect.NativeMethodAccessorImpl.invoke(NativeMethodAccessorImpl.java:62)
	at sun.reflect.DelegatingMethodAccessorImpl.invoke(DelegatingMethodAccessorImpl.java:43)
	at java.lang.reflect.Method.invoke(Method.java:483)
	at org.testng.internal.MethodInvocationHelper.invokeMethod(MethodInvocationHelper.java:84)
	at org.testng.internal.Invoker.invokeConfigurationMethod(Invoker.java:564)
	at org.testng.internal.Invoker.invokeConfigurations(Invoker.java:213)
	at org.testng.internal.Invoker.invokeConfigurations(Invoker.java:138)
	at org.testng.internal.TestMethodWorker.invokeBeforeClassMethods(TestMethodWorker.java:175)
	at org.testng.internal.TestMethodWorker.run(TestMethodWorker.java:107)
	at org.testng.TestRunner.privateRun(TestRunner.java:767)
	at org.testng.TestRunner.run(TestRunner.java:617)
	at org.testng.SuiteRunner.runTest(SuiteRunner.java:334)
	at org.testng.SuiteRunner.runSequentially(SuiteRunner.java:329)
	at org.testng.SuiteRunner.privateRun(SuiteRunner.java:291)
	at org.testng.SuiteRunner.run(SuiteRunner.java:240)
	at org.testng.SuiteRunnerWorker.runSuite(SuiteRunnerWorker.java:52)
	at org.testng.SuiteRunnerWorker.run(SuiteRunnerWorker.java:86)
	at org.testng.TestNG.runSuitesSequentially(TestNG.java:1224)
	at org.testng.TestNG.runSuitesLocally(TestNG.java:1149)
	at org.testng.TestNG.run(TestNG.java:1057)
	at org.testng.remote.RemoteTestNG.run(RemoteTestNG.java:111)
	at org.testng.remote.RemoteTestNG.initAndRun(RemoteTestNG.java:204)
	at org.testng.remote.RemoteTestNG.main(RemoteTestNG.java:175)
]]>
            </full-stacktrace>
          </exception> <!-- java.lang.IllegalStateException -->
          <reporter-output>
          </reporter-output>
        </test-method> <!-- setUp -->
        <test-method status="SKIP" signature="gmailElementSearch()[pri:0, instance:GoogleTest.GoogleBasicElementTest@6ad5c04e]" name="gmailElementSearch" duration-ms="0" started-at="2014-11-11T10:25:49Z" finished-at="2014-11-11T10:25:49Z">
          <reporter-output>
          </reporter-output>
        </test-method> <!-- gmailElementSearch -->
        <test-method status="SKIP" signature="tearDown()[pri:0, instance:GoogleTest.GoogleBasicElementTest@6ad5c04e]" name="tearDown" is-config="true" duration-ms="0" started-at="2014-11-11T10:25:49Z" finished-at="2014-11-11T10:25:49Z">
          <reporter-output>
          </reporter-output>
        </test-method> <!-- tearDown -->
      </class> <!-- GoogleTest.GoogleBasicElementTest -->
    </test> <!-- Regression1 -->
  </suite> <!-- Suite1 -->
</testng-results>
